x264 configure script
Command line options: "--disable-asm" "--disable-thread" "--enable-ahir"

checking whether gcc works... yes
checking whether gcc supports for( int i = 0; i < 9; i++ ); with -std=gnu99... yes
checking for return log2f(2); in math.h... yes
checking for MADV_HUGEPAGE; in sys/mman.h... yes
checking for sws_init_context(0,0,0); in libswscale/swscale.h... no
Failed commandline was:
--------------------------------------------------
gcc conftest.c -m32  -Wall -I. -I$(SRCPATH) -I/home/amit/ahirgit/ahir/release/CtestBench/include/ -std=gnu99   -lswscale -lavutil  -m32  -L/home/amit/ahirgit/ahir/release/iolib/lib  -lio -lpthread -lm -o conftest
conftest.c:1:32: fatal error: libswscale/swscale.h: No such file or directory
compilation terminated.
--------------------------------------------------
Failed program was:
--------------------------------------------------
#include <libswscale/swscale.h>
int main (void) { sws_init_context(0,0,0); return 0; }
--------------------------------------------------
checking for -lpostproc... no
Failed commandline was:
--------------------------------------------------
gcc conftest.c -m32  -Wall -I. -I$(SRCPATH) -I/home/amit/ahirgit/ahir/release/CtestBench/include/ -std=gnu99  -lpostproc  -m32  -L/home/amit/ahirgit/ahir/release/iolib/lib  -lio -lpthread -lm -o conftest
/usr/bin/ld: cannot find -lpostproc
collect2: ld returned 1 exit status
--------------------------------------------------
Failed program was:
--------------------------------------------------
int main (void) {  return 0; }
--------------------------------------------------
checking for -lavcodec... no
Failed commandline was:
--------------------------------------------------
gcc conftest.c -m32  -Wall -I. -I$(SRCPATH) -I/home/amit/ahirgit/ahir/release/CtestBench/include/ -std=gnu99  -lavcodec  -m32  -L/home/amit/ahirgit/ahir/release/iolib/lib  -lio -lpthread -lm -o conftest
/usr/bin/ld: cannot find -lavcodec
collect2: ld returned 1 exit status
--------------------------------------------------
Failed program was:
--------------------------------------------------
int main (void) {  return 0; }
--------------------------------------------------
checking for -lswscale... no
Failed commandline was:
--------------------------------------------------
gcc conftest.c -m32  -Wall -I. -I$(SRCPATH) -I/home/amit/ahirgit/ahir/release/CtestBench/include/ -std=gnu99  -lswscale  -m32  -L/home/amit/ahirgit/ahir/release/iolib/lib  -lio -lpthread -lm -o conftest
/usr/bin/ld: cannot find -lswscale
collect2: ld returned 1 exit status
--------------------------------------------------
Failed program was:
--------------------------------------------------
int main (void) {  return 0; }
--------------------------------------------------
checking for -lavutil... no
Failed commandline was:
--------------------------------------------------
gcc conftest.c -m32  -Wall -I. -I$(SRCPATH) -I/home/amit/ahirgit/ahir/release/CtestBench/include/ -std=gnu99  -lavutil  -m32  -L/home/amit/ahirgit/ahir/release/iolib/lib  -lio -lpthread -lm -o conftest
/usr/bin/ld: cannot find -lavutil
collect2: ld returned 1 exit status
--------------------------------------------------
Failed program was:
--------------------------------------------------
int main (void) {  return 0; }
--------------------------------------------------
checking for -lm... yes
checking for -lz... yes
checking for -lbz2... no
Failed commandline was:
--------------------------------------------------
gcc conftest.c -m32  -Wall -I. -I$(SRCPATH) -I/home/amit/ahirgit/ahir/release/CtestBench/include/ -std=gnu99  -lbz2  -m32  -L/home/amit/ahirgit/ahir/release/iolib/lib  -lio -lpthread -lm -o conftest
/usr/bin/ld: cannot find -lbz2
collect2: ld returned 1 exit status
--------------------------------------------------
Failed program was:
--------------------------------------------------
int main (void) {  return 0; }
--------------------------------------------------
checking for -lavifil32... no
Failed commandline was:
--------------------------------------------------
gcc conftest.c -m32  -Wall -I. -I$(SRCPATH) -I/home/amit/ahirgit/ahir/release/CtestBench/include/ -std=gnu99  -lavifil32  -m32  -L/home/amit/ahirgit/ahir/release/iolib/lib  -lio -lpthread -lm -o conftest
/usr/bin/ld: cannot find -lavifil32
collect2: ld returned 1 exit status
--------------------------------------------------
Failed program was:
--------------------------------------------------
int main (void) {  return 0; }
--------------------------------------------------
checking for -lws2_32... no
Failed commandline was:
--------------------------------------------------
gcc conftest.c -m32  -Wall -I. -I$(SRCPATH) -I/home/amit/ahirgit/ahir/release/CtestBench/include/ -std=gnu99  -lws2_32  -m32  -L/home/amit/ahirgit/ahir/release/iolib/lib  -lio -lpthread -lm -o conftest
/usr/bin/ld: cannot find -lws2_32
collect2: ld returned 1 exit status
--------------------------------------------------
Failed program was:
--------------------------------------------------
int main (void) {  return 0; }
--------------------------------------------------
checking for av_frame_free(0); in libavformat/avformat.h... no
Failed commandline was:
--------------------------------------------------
gcc conftest.c -m32  -Wall -I. -I$(SRCPATH) -I/home/amit/ahirgit/ahir/release/CtestBench/include/ -std=gnu99   -L. -lavformat -lm -lz  -m32  -L/home/amit/ahirgit/ahir/release/iolib/lib  -lio -lpthread -lm -o conftest
conftest.c:1:34: fatal error: libavformat/avformat.h: No such file or directory
compilation terminated.
--------------------------------------------------
Failed program was:
--------------------------------------------------
#include <libavformat/avformat.h>
int main (void) { av_frame_free(0); return 0; }
--------------------------------------------------
checking for FFMS_DestroyVideoSource(0); in ffms.h... no
Failed commandline was:
--------------------------------------------------
gcc conftest.c -m32  -Wall -I. -I$(SRCPATH) -I/home/amit/ahirgit/ahir/release/CtestBench/include/ -std=gnu99   -lffms2  -m32  -L/home/amit/ahirgit/ahir/release/iolib/lib  -lio -lpthread -lm -o conftest
conftest.c:1:18: fatal error: ffms.h: No such file or directory
compilation terminated.
--------------------------------------------------
Failed program was:
--------------------------------------------------
#include <ffms.h>
int main (void) { FFMS_DestroyVideoSource(0); return 0; }
--------------------------------------------------
checking for FFMS_DestroyVideoSource(0); in ffms.h... no
Failed commandline was:
--------------------------------------------------
gcc conftest.c -m32  -Wall -I. -I$(SRCPATH) -I/home/amit/ahirgit/ahir/release/CtestBench/include/ -std=gnu99   -lffms2 -lstdc++ -L. -lavformat -lm -lz  -m32  -L/home/amit/ahirgit/ahir/release/iolib/lib  -lio -lpthread -lm -o conftest
conftest.c:1:18: fatal error: ffms.h: No such file or directory
compilation terminated.
--------------------------------------------------
Failed program was:
--------------------------------------------------
#include <ffms.h>
int main (void) { FFMS_DestroyVideoSource(0); return 0; }
--------------------------------------------------
checking for lsmash.h... no
Failed commandline was:
--------------------------------------------------
gcc conftest.c -m32  -Wall -I. -I$(SRCPATH) -I/home/amit/ahirgit/ahir/release/CtestBench/include/ -std=gnu99   -llsmash  -m32  -L/home/amit/ahirgit/ahir/release/iolib/lib  -lio -lpthread -lm -o conftest
conftest.c:1:20: fatal error: lsmash.h: No such file or directory
compilation terminated.
--------------------------------------------------
Failed program was:
--------------------------------------------------
#include <lsmash.h>
int main (void) {  return 0; }
--------------------------------------------------
checking for -lz... yes
checking for gpac/isomedia.h... yes
checking for gf_isom_set_pixel_aspect_ratio(0,0,0,0,0); in gpac/isomedia.h... yes
checking for uint32_t test_vec __attribute__ ((vector_size (16))) = {0,1,2,3}; in stdint.h... yes
checking for -fno-tree-vectorize... yes
checking for fseeko(stdin,0,0); in stdio.h... yes
checking for -Wshadow... yes
checking for -Wmaybe-uninitialized... no
Failed commandline was:
--------------------------------------------------
gcc conftest.c -Wshadow -O3 -ffast-math -m32  -Wall -I. -I$(SRCPATH) -I/home/amit/ahirgit/ahir/release/CtestBench/include/ -std=gnu99 -fomit-frame-pointer -fno-tree-vectorize  -Wmaybe-uninitialized -ldl -lgpac_static -lz  -m32  -L/home/amit/ahirgit/ahir/release/iolib/lib  -lio -lpthread -lm -o conftest
cc1: error: unrecognized command line option ‘-Wmaybe-uninitialized’
--------------------------------------------------
Failed program was:
--------------------------------------------------
int main (void) {  return 0; }
--------------------------------------------------

platform:      X86
system:        LINUX
cli:           yes
libx264:       internal
shared:        no
static:        no
asm:           no
interlaced:    yes
avs:           avxsynth
lavf:          no
ffms:          no
mp4:           gpac
gpl:           yes
thread:        no
opencl:        yes
filters:       crop select_every 
debug:         no
gprof:         no
ahir: 	       yes
strip:         no
PIC:           no
bit depth:     8
chroma format: all
source file : .
